<?xml version="1.0" encoding="UTF-8"?>
<coverage generated="1613503005046" clover="3.2.0">
  <project timestamp="1613503005046" name="All files">
    <metrics statements="161" coveredstatements="150" conditionals="30" coveredconditionals="26" methods="13" coveredmethods="10" elements="204" coveredelements="186" complexity="0" loc="161" ncloc="161" packages="1" files="5" classes="5"/>
    <file name="formatadores.js" path="E:\git\Pessoal\formatadores\src\formatadores.js">
      <metrics statements="93" coveredstatements="93" conditionals="19" coveredconditionals="16" methods="4" coveredmethods="4"/>
      <line num="1" count="1" type="stmt"/>
      <line num="2" count="1" type="stmt"/>
      <line num="3" count="1" type="stmt"/>
      <line num="4" count="1" type="cond" truecount="1" falsecount="0"/>
      <line num="5" count="2" type="stmt"/>
      <line num="6" count="2" type="stmt"/>
      <line num="7" count="2" type="stmt"/>
      <line num="8" count="2" type="cond" truecount="1" falsecount="0"/>
      <line num="9" count="12" type="stmt"/>
      <line num="10" count="12" type="stmt"/>
      <line num="11" count="12" type="cond" truecount="1" falsecount="0"/>
      <line num="12" count="12" type="stmt"/>
      <line num="13" count="12" type="stmt"/>
      <line num="14" count="12" type="stmt"/>
      <line num="15" count="12" type="stmt"/>
      <line num="16" count="12" type="stmt"/>
      <line num="17" count="2" type="stmt"/>
      <line num="18" count="2" type="stmt"/>
      <line num="19" count="2" type="stmt"/>
      <line num="20" count="1" type="stmt"/>
      <line num="21" count="1" type="cond" truecount="1" falsecount="0"/>
      <line num="22" count="5" type="stmt"/>
      <line num="23" count="5" type="stmt"/>
      <line num="24" count="5" type="cond" truecount="1" falsecount="0"/>
      <line num="25" count="4" type="stmt"/>
      <line num="26" count="4" type="stmt"/>
      <line num="27" count="4" type="stmt"/>
      <line num="28" count="4" type="cond" truecount="0" falsecount="1"/>
      <line num="29" count="4" type="cond" truecount="0" falsecount="1"/>
      <line num="30" count="4" type="cond" truecount="1" falsecount="0"/>
      <line num="31" count="1" type="stmt"/>
      <line num="32" count="1" type="stmt"/>
      <line num="33" count="1" type="stmt"/>
      <line num="34" count="4" type="cond" truecount="2" falsecount="0"/>
      <line num="35" count="1" type="stmt"/>
      <line num="36" count="1" type="stmt"/>
      <line num="37" count="1" type="stmt"/>
      <line num="38" count="3" type="cond" truecount="2" falsecount="0"/>
      <line num="39" count="1" type="stmt"/>
      <line num="40" count="1" type="stmt"/>
      <line num="41" count="1" type="stmt"/>
      <line num="42" count="1" type="stmt"/>
      <line num="43" count="1" type="stmt"/>
      <line num="44" count="1" type="stmt"/>
      <line num="45" count="1" type="stmt"/>
      <line num="46" count="1" type="stmt"/>
      <line num="47" count="1" type="stmt"/>
      <line num="48" count="1" type="stmt"/>
      <line num="49" count="4" type="stmt"/>
      <line num="50" count="5" type="stmt"/>
      <line num="51" count="5" type="stmt"/>
      <line num="52" count="1" type="stmt"/>
      <line num="53" count="1" type="cond" truecount="1" falsecount="0"/>
      <line num="54" count="2" type="cond" truecount="0" falsecount="1"/>
      <line num="55" count="2" type="stmt"/>
      <line num="56" count="2" type="stmt"/>
      <line num="57" count="2" type="stmt"/>
      <line num="58" count="2" type="stmt"/>
      <line num="59" count="2" type="stmt"/>
      <line num="60" count="2" type="stmt"/>
      <line num="61" count="1" type="stmt"/>
      <line num="62" count="1" type="stmt"/>
      <line num="63" count="1" type="stmt"/>
      <line num="64" count="1" type="stmt"/>
      <line num="65" count="1" type="stmt"/>
      <line num="66" count="1" type="stmt"/>
      <line num="67" count="1" type="stmt"/>
      <line num="68" count="1" type="stmt"/>
      <line num="69" count="1" type="stmt"/>
      <line num="70" count="1" type="stmt"/>
      <line num="71" count="1" type="stmt"/>
      <line num="72" count="1" type="stmt"/>
      <line num="73" count="1" type="stmt"/>
      <line num="74" count="1" type="stmt"/>
      <line num="75" count="1" type="stmt"/>
      <line num="76" count="1" type="stmt"/>
      <line num="77" count="1" type="stmt"/>
      <line num="78" count="1" type="stmt"/>
      <line num="79" count="1" type="stmt"/>
      <line num="80" count="1" type="cond" truecount="1" falsecount="0"/>
      <line num="81" count="6" type="cond" truecount="1" falsecount="0"/>
      <line num="82" count="5" type="stmt"/>
      <line num="83" count="5" type="stmt"/>
      <line num="84" count="5" type="stmt"/>
      <line num="85" count="5" type="stmt"/>
      <line num="86" count="5" type="cond" truecount="1" falsecount="0"/>
      <line num="87" count="4" type="stmt"/>
      <line num="88" count="4" type="stmt"/>
      <line num="89" count="4" type="stmt"/>
      <line num="90" count="1" type="cond" truecount="1" falsecount="0"/>
      <line num="91" count="1" type="stmt"/>
      <line num="92" count="1" type="cond" truecount="1" falsecount="0"/>
      <line num="93" count="1" type="stmt"/>
    </file>
    <file name="index.js" path="E:\git\Pessoal\formatadores\src\index.js">
      <metrics statements="18" coveredstatements="18" conditionals="0" coveredconditionals="0" methods="0" coveredmethods="0"/>
      <line num="1" count="1" type="stmt"/>
      <line num="2" count="1" type="stmt"/>
      <line num="3" count="1" type="stmt"/>
      <line num="4" count="1" type="stmt"/>
      <line num="5" count="1" type="stmt"/>
      <line num="6" count="1" type="stmt"/>
      <line num="7" count="1" type="stmt"/>
      <line num="8" count="1" type="stmt"/>
      <line num="9" count="1" type="stmt"/>
      <line num="10" count="1" type="stmt"/>
      <line num="11" count="1" type="stmt"/>
      <line num="12" count="1" type="stmt"/>
      <line num="13" count="1" type="stmt"/>
      <line num="14" count="1" type="stmt"/>
      <line num="15" count="1" type="stmt"/>
      <line num="16" count="1" type="stmt"/>
      <line num="17" count="1" type="stmt"/>
      <line num="18" count="1" type="stmt"/>
    </file>
    <file name="sessionStorage.js" path="E:\git\Pessoal\formatadores\src\sessionStorage.js">
      <metrics statements="28" coveredstatements="17" conditionals="3" coveredconditionals="2" methods="5" coveredmethods="2"/>
      <line num="1" count="1" type="cond" truecount="1" falsecount="0"/>
      <line num="2" count="1" type="stmt"/>
      <line num="3" count="1" type="stmt"/>
      <line num="4" count="1" type="stmt"/>
      <line num="5" count="1" type="stmt"/>
      <line num="6" count="1" type="stmt"/>
      <line num="7" count="0" type="stmt"/>
      <line num="8" count="0" type="stmt"/>
      <line num="9" count="0" type="stmt"/>
      <line num="10" count="1" type="stmt"/>
      <line num="11" count="1" type="stmt"/>
      <line num="12" count="0" type="stmt"/>
      <line num="13" count="0" type="stmt"/>
      <line num="14" count="0" type="stmt"/>
      <line num="15" count="1" type="stmt"/>
      <line num="16" count="1" type="stmt"/>
      <line num="17" count="0" type="stmt"/>
      <line num="18" count="0" type="stmt"/>
      <line num="19" count="0" type="stmt"/>
      <line num="20" count="1" type="stmt"/>
      <line num="21" count="1" type="cond" truecount="1" falsecount="0"/>
      <line num="22" count="1" type="cond" truecount="0" falsecount="1"/>
      <line num="23" count="0" type="stmt"/>
      <line num="24" count="0" type="stmt"/>
      <line num="25" count="1" type="stmt"/>
      <line num="26" count="1" type="stmt"/>
      <line num="27" count="1" type="stmt"/>
      <line num="28" count="1" type="stmt"/>
    </file>
    <file name="url.js" path="E:\git\Pessoal\formatadores\src\url.js">
      <metrics statements="12" coveredstatements="12" conditionals="5" coveredconditionals="5" methods="1" coveredmethods="1"/>
      <line num="1" count="1" type="cond" truecount="1" falsecount="0"/>
      <line num="2" count="2" type="stmt"/>
      <line num="3" count="2" type="cond" truecount="1" falsecount="0"/>
      <line num="4" count="1" type="stmt"/>
      <line num="5" count="1" type="cond" truecount="1" falsecount="0"/>
      <line num="6" count="2" type="cond" truecount="2" falsecount="0"/>
      <line num="7" count="2" type="stmt"/>
      <line num="8" count="2" type="stmt"/>
      <line num="9" count="2" type="stmt"/>
      <line num="10" count="1" type="stmt"/>
      <line num="11" count="2" type="stmt"/>
      <line num="12" count="2" type="stmt"/>
    </file>
    <file name="utils.js" path="E:\git\Pessoal\formatadores\src\utils.js">
      <metrics statements="10" coveredstatements="10" conditionals="3" coveredconditionals="3" methods="3" coveredmethods="3"/>
      <line num="1" count="1" type="cond" truecount="1" falsecount="0"/>
      <line num="2" count="1" type="stmt"/>
      <line num="3" count="1" type="cond" truecount="1" falsecount="0"/>
      <line num="4" count="1" type="stmt"/>
      <line num="5" count="1" type="cond" truecount="1" falsecount="0"/>
      <line num="6" count="1" type="stmt"/>
      <line num="7" count="1" type="stmt"/>
      <line num="8" count="1" type="stmt"/>
      <line num="9" count="1" type="stmt"/>
      <line num="10" count="1" type="stmt"/>
    </file>
  </project>
</coverage>
