{"E:\\git\\Pessoal\\formatadores\\src\\formatadores.js": {"path":"E:\\git\\Pessoal\\formatadores\\src\\formatadores.js","all":false,"statementMap":{"0":{"start":{"line":1,"column":0},"end":{"line":1,"column":66}},"1":{"start":{"line":2,"column":0},"end":{"line":2,"column":0}},"2":{"start":{"line":3,"column":0},"end":{"line":3,"column":59}},"3":{"start":{"line":4,"column":0},"end":{"line":4,"column":36}},"4":{"start":{"line":5,"column":0},"end":{"line":5,"column":0}},"5":{"start":{"line":6,"column":0},"end":{"line":6,"column":34}},"6":{"start":{"line":7,"column":0},"end":{"line":7,"column":28}},"7":{"start":{"line":8,"column":0},"end":{"line":8,"column":21}},"8":{"start":{"line":9,"column":0},"end":{"line":9,"column":39}},"9":{"start":{"line":10,"column":0},"end":{"line":10,"column":41}},"10":{"start":{"line":11,"column":0},"end":{"line":11,"column":53}},"11":{"start":{"line":12,"column":0},"end":{"line":12,"column":0}},"12":{"start":{"line":13,"column":0},"end":{"line":13,"column":49}},"13":{"start":{"line":14,"column":0},"end":{"line":14,"column":19}},"14":{"start":{"line":15,"column":0},"end":{"line":15,"column":7}},"15":{"start":{"line":16,"column":0},"end":{"line":16,"column":0}},"16":{"start":{"line":17,"column":0},"end":{"line":17,"column":15}},"17":{"start":{"line":18,"column":0},"end":{"line":18,"column":2}},"18":{"start":{"line":19,"column":0},"end":{"line":19,"column":0}},"19":{"start":{"line":20,"column":0},"end":{"line":20,"column":46}},"20":{"start":{"line":21,"column":0},"end":{"line":21,"column":12}},"21":{"start":{"line":22,"column":0},"end":{"line":22,"column":17}},"22":{"start":{"line":23,"column":0},"end":{"line":23,"column":0}},"23":{"start":{"line":24,"column":0},"end":{"line":24,"column":16}},"24":{"start":{"line":25,"column":0},"end":{"line":25,"column":8}},"25":{"start":{"line":26,"column":0},"end":{"line":26,"column":35}},"26":{"start":{"line":27,"column":0},"end":{"line":27,"column":39}},"27":{"start":{"line":28,"column":0},"end":{"line":28,"column":19}},"28":{"start":{"line":29,"column":0},"end":{"line":29,"column":68}},"29":{"start":{"line":30,"column":0},"end":{"line":30,"column":31}},"30":{"start":{"line":31,"column":0},"end":{"line":31,"column":36}},"31":{"start":{"line":32,"column":0},"end":{"line":32,"column":36}},"32":{"start":{"line":33,"column":0},"end":{"line":33,"column":36}},"33":{"start":{"line":34,"column":0},"end":{"line":34,"column":38}},"34":{"start":{"line":35,"column":0},"end":{"line":35,"column":65}},"35":{"start":{"line":36,"column":0},"end":{"line":36,"column":36}},"36":{"start":{"line":37,"column":0},"end":{"line":37,"column":36}},"37":{"start":{"line":38,"column":0},"end":{"line":38,"column":39}},"38":{"start":{"line":39,"column":0},"end":{"line":39,"column":36}},"39":{"start":{"line":40,"column":0},"end":{"line":40,"column":36}},"40":{"start":{"line":41,"column":0},"end":{"line":41,"column":36}},"41":{"start":{"line":42,"column":0},"end":{"line":42,"column":48}},"42":{"start":{"line":43,"column":0},"end":{"line":43,"column":39}},"43":{"start":{"line":44,"column":0},"end":{"line":44,"column":36}},"44":{"start":{"line":45,"column":0},"end":{"line":45,"column":65}},"45":{"start":{"line":46,"column":0},"end":{"line":46,"column":36}},"46":{"start":{"line":47,"column":0},"end":{"line":47,"column":48}},"47":{"start":{"line":48,"column":0},"end":{"line":48,"column":5}},"48":{"start":{"line":49,"column":0},"end":{"line":49,"column":3}},"49":{"start":{"line":50,"column":0},"end":{"line":50,"column":15}},"50":{"start":{"line":51,"column":0},"end":{"line":51,"column":2}},"51":{"start":{"line":52,"column":0},"end":{"line":52,"column":0}},"52":{"start":{"line":53,"column":0},"end":{"line":53,"column":61}},"53":{"start":{"line":54,"column":0},"end":{"line":54,"column":89}},"54":{"start":{"line":55,"column":0},"end":{"line":55,"column":0}},"55":{"start":{"line":56,"column":0},"end":{"line":56,"column":41}},"56":{"start":{"line":57,"column":0},"end":{"line":57,"column":22}},"57":{"start":{"line":58,"column":0},"end":{"line":58,"column":20}},"58":{"start":{"line":59,"column":0},"end":{"line":59,"column":21}},"59":{"start":{"line":60,"column":0},"end":{"line":60,"column":2}},"60":{"start":{"line":61,"column":0},"end":{"line":61,"column":0}},"61":{"start":{"line":62,"column":0},"end":{"line":62,"column":2}},"62":{"start":{"line":63,"column":0},"end":{"line":63,"column":46}},"63":{"start":{"line":64,"column":0},"end":{"line":64,"column":7}},"64":{"start":{"line":65,"column":0},"end":{"line":65,"column":62}},"65":{"start":{"line":66,"column":0},"end":{"line":66,"column":45}},"66":{"start":{"line":67,"column":0},"end":{"line":67,"column":63}},"67":{"start":{"line":68,"column":0},"end":{"line":68,"column":0}},"68":{"start":{"line":69,"column":0},"end":{"line":69,"column":35}},"69":{"start":{"line":70,"column":0},"end":{"line":70,"column":48}},"70":{"start":{"line":71,"column":0},"end":{"line":71,"column":5}},"71":{"start":{"line":72,"column":0},"end":{"line":72,"column":0}},"72":{"start":{"line":73,"column":0},"end":{"line":73,"column":24}},"73":{"start":{"line":74,"column":0},"end":{"line":74,"column":19}},"74":{"start":{"line":75,"column":0},"end":{"line":75,"column":17}},"75":{"start":{"line":76,"column":0},"end":{"line":76,"column":3}},"76":{"start":{"line":77,"column":0},"end":{"line":77,"column":1}},"77":{"start":{"line":78,"column":0},"end":{"line":78,"column":2}},"78":{"start":{"line":79,"column":0},"end":{"line":79,"column":0}},"79":{"start":{"line":80,"column":0},"end":{"line":80,"column":68}},"80":{"start":{"line":81,"column":0},"end":{"line":81,"column":16}},"81":{"start":{"line":82,"column":0},"end":{"line":82,"column":42}},"82":{"start":{"line":83,"column":0},"end":{"line":83,"column":0}},"83":{"start":{"line":84,"column":0},"end":{"line":84,"column":38}},"84":{"start":{"line":85,"column":0},"end":{"line":85,"column":0}},"85":{"start":{"line":86,"column":0},"end":{"line":86,"column":47}},"86":{"start":{"line":87,"column":0},"end":{"line":87,"column":75}},"87":{"start":{"line":88,"column":0},"end":{"line":88,"column":32}},"88":{"start":{"line":89,"column":0},"end":{"line":89,"column":5}},"89":{"start":{"line":90,"column":0},"end":{"line":90,"column":17}},"90":{"start":{"line":91,"column":0},"end":{"line":91,"column":3}},"91":{"start":{"line":92,"column":0},"end":{"line":92,"column":15}},"92":{"start":{"line":93,"column":0},"end":{"line":93,"column":2}}},"s":{"0":1,"1":1,"2":1,"3":2,"4":2,"5":2,"6":2,"7":12,"8":12,"9":12,"10":12,"11":12,"12":12,"13":12,"14":12,"15":2,"16":2,"17":2,"18":1,"19":1,"20":7,"21":7,"22":7,"23":7,"24":6,"25":6,"26":5,"27":6,"28":6,"29":6,"30":2,"31":2,"32":2,"33":6,"34":1,"35":1,"36":1,"37":3,"38":1,"39":1,"40":1,"41":1,"42":1,"43":1,"44":1,"45":1,"46":1,"47":1,"48":6,"49":6,"50":6,"51":1,"52":1,"53":3,"54":2,"55":2,"56":2,"57":2,"58":2,"59":2,"60":1,"61":1,"62":1,"63":1,"64":1,"65":1,"66":1,"67":1,"68":1,"69":1,"70":1,"71":1,"72":1,"73":1,"74":1,"75":1,"76":1,"77":1,"78":1,"79":1,"80":6,"81":5,"82":5,"83":5,"84":5,"85":5,"86":4,"87":4,"88":4,"89":1,"90":1,"91":1,"92":1},"branchMap":{"0":{"type":"branch","line":3,"loc":{"start":{"line":3,"column":46},"end":{"line":18,"column":2}},"locations":[{"start":{"line":3,"column":46},"end":{"line":18,"column":2}}]},"1":{"type":"branch","line":7,"loc":{"start":{"line":7,"column":10},"end":{"line":15,"column":7}},"locations":[{"start":{"line":7,"column":10},"end":{"line":15,"column":7}}]},"2":{"type":"branch","line":10,"loc":{"start":{"line":10,"column":14},"end":{"line":10,"column":28}},"locations":[{"start":{"line":10,"column":14},"end":{"line":10,"column":28}}]},"3":{"type":"branch","line":20,"loc":{"start":{"line":20,"column":33},"end":{"line":51,"column":2}},"locations":[{"start":{"line":20,"column":33},"end":{"line":51,"column":2}}]},"4":{"type":"branch","line":24,"loc":{"start":{"line":24,"column":15},"end":{"line":51,"column":2}},"locations":[{"start":{"line":24,"column":15},"end":{"line":51,"column":2}}]},"5":{"type":"branch","line":26,"loc":{"start":{"line":26,"column":6},"end":{"line":27,"column":39}},"locations":[{"start":{"line":26,"column":6},"end":{"line":27,"column":39}}]},"6":{"type":"branch","line":28,"loc":{"start":{"line":28,"column":6},"end":{"line":28,"column":13}},"locations":[{"start":{"line":28,"column":6},"end":{"line":28,"column":13}}]},"7":{"type":"branch","line":28,"loc":{"start":{"line":28,"column":6},"end":{"line":29,"column":8}},"locations":[{"start":{"line":28,"column":6},"end":{"line":29,"column":8}}]},"8":{"type":"branch","line":29,"loc":{"start":{"line":29,"column":39},"end":{"line":29,"column":46}},"locations":[{"start":{"line":29,"column":39},"end":{"line":29,"column":46}}]},"9":{"type":"branch","line":29,"loc":{"start":{"line":29,"column":39},"end":{"line":30,"column":8}},"locations":[{"start":{"line":29,"column":39},"end":{"line":30,"column":8}}]},"10":{"type":"branch","line":30,"loc":{"start":{"line":30,"column":30},"end":{"line":34,"column":11}},"locations":[{"start":{"line":30,"column":30},"end":{"line":34,"column":11}}]},"11":{"type":"branch","line":34,"loc":{"start":{"line":34,"column":5},"end":{"line":48,"column":5}},"locations":[{"start":{"line":34,"column":5},"end":{"line":48,"column":5}}]},"12":{"type":"branch","line":34,"loc":{"start":{"line":34,"column":37},"end":{"line":38,"column":11}},"locations":[{"start":{"line":34,"column":37},"end":{"line":38,"column":11}}]},"13":{"type":"branch","line":38,"loc":{"start":{"line":38,"column":5},"end":{"line":48,"column":5}},"locations":[{"start":{"line":38,"column":5},"end":{"line":48,"column":5}}]},"14":{"type":"branch","line":38,"loc":{"start":{"line":38,"column":38},"end":{"line":48,"column":5}},"locations":[{"start":{"line":38,"column":38},"end":{"line":48,"column":5}}]},"15":{"type":"branch","line":53,"loc":{"start":{"line":53,"column":32},"end":{"line":60,"column":2}},"locations":[{"start":{"line":53,"column":32},"end":{"line":60,"column":2}}]},"16":{"type":"branch","line":54,"loc":{"start":{"line":54,"column":6},"end":{"line":54,"column":76}},"locations":[{"start":{"line":54,"column":6},"end":{"line":54,"column":76}}]},"17":{"type":"branch","line":54,"loc":{"start":{"line":54,"column":76},"end":{"line":54,"column":83}},"locations":[{"start":{"line":54,"column":76},"end":{"line":54,"column":83}}]},"18":{"type":"branch","line":54,"loc":{"start":{"line":54,"column":76},"end":{"line":60,"column":2}},"locations":[{"start":{"line":54,"column":76},"end":{"line":60,"column":2}}]},"19":{"type":"branch","line":80,"loc":{"start":{"line":80,"column":34},"end":{"line":93,"column":2}},"locations":[{"start":{"line":80,"column":34},"end":{"line":93,"column":2}}]},"20":{"type":"branch","line":81,"loc":{"start":{"line":81,"column":15},"end":{"line":91,"column":3}},"locations":[{"start":{"line":81,"column":15},"end":{"line":91,"column":3}}]},"21":{"type":"branch","line":86,"loc":{"start":{"line":86,"column":46},"end":{"line":89,"column":5}},"locations":[{"start":{"line":86,"column":46},"end":{"line":89,"column":5}}]},"22":{"type":"branch","line":90,"loc":{"start":{"line":90,"column":-2},"end":{"line":91,"column":3}},"locations":[{"start":{"line":90,"column":-2},"end":{"line":91,"column":3}}]},"23":{"type":"branch","line":92,"loc":{"start":{"line":92,"column":-2},"end":{"line":93,"column":2}},"locations":[{"start":{"line":92,"column":-2},"end":{"line":93,"column":2}}]}},"b":{"0":[2],"1":[12],"2":[36],"3":[7],"4":[6],"5":[5],"6":[1],"7":[5],"8":[1],"9":[5],"10":[2],"11":[3],"12":[1],"13":[2],"14":[1],"15":[3],"16":[2],"17":[1],"18":[2],"19":[6],"20":[5],"21":[4],"22":[1],"23":[1]},"fnMap":{"0":{"name":"substituirCaracteresEspeciais","decl":{"start":{"line":3,"column":46},"end":{"line":18,"column":2}},"loc":{"start":{"line":3,"column":46},"end":{"line":18,"column":2}},"line":3},"1":{"name":"formatarTelefone","decl":{"start":{"line":20,"column":33},"end":{"line":51,"column":2}},"loc":{"start":{"line":20,"column":33},"end":{"line":51,"column":2}},"line":20},"2":{"name":"formatarDinheiro","decl":{"start":{"line":53,"column":32},"end":{"line":60,"column":2}},"loc":{"start":{"line":53,"column":32},"end":{"line":60,"column":2}},"line":53},"3":{"name":"calcularIdadeAtual","decl":{"start":{"line":80,"column":34},"end":{"line":93,"column":2}},"loc":{"start":{"line":80,"column":34},"end":{"line":93,"column":2}},"line":80}},"f":{"0":2,"1":7,"2":3,"3":6}}
,"E:\\git\\Pessoal\\formatadores\\src\\index.js": {"path":"E:\\git\\Pessoal\\formatadores\\src\\index.js","all":false,"statementMap":{"0":{"start":{"line":1,"column":0},"end":{"line":1,"column":8}},"1":{"start":{"line":2,"column":0},"end":{"line":2,"column":32}},"2":{"start":{"line":3,"column":0},"end":{"line":3,"column":19}},"3":{"start":{"line":4,"column":0},"end":{"line":4,"column":19}},"4":{"start":{"line":5,"column":0},"end":{"line":5,"column":21}},"5":{"start":{"line":6,"column":0},"end":{"line":6,"column":24}},"6":{"start":{"line":7,"column":0},"end":{"line":7,"column":0}},"7":{"start":{"line":8,"column":0},"end":{"line":8,"column":8}},"8":{"start":{"line":9,"column":0},"end":{"line":9,"column":23}},"9":{"start":{"line":10,"column":0},"end":{"line":10,"column":15}},"10":{"start":{"line":11,"column":0},"end":{"line":11,"column":0}},"11":{"start":{"line":12,"column":0},"end":{"line":12,"column":44}},"12":{"start":{"line":13,"column":0},"end":{"line":13,"column":0}},"13":{"start":{"line":14,"column":0},"end":{"line":14,"column":8}},"14":{"start":{"line":15,"column":0},"end":{"line":15,"column":19}},"15":{"start":{"line":16,"column":0},"end":{"line":16,"column":25}},"16":{"start":{"line":17,"column":0},"end":{"line":17,"column":30}},"17":{"start":{"line":18,"column":0},"end":{"line":18,"column":17}}},"s":{"0":1,"1":1,"2":1,"3":1,"4":1,"5":1,"6":1,"7":1,"8":1,"9":1,"10":1,"11":1,"12":1,"13":1,"14":1,"15":1,"16":1,"17":1},"branchMap":{},"b":{},"fnMap":{},"f":{}}
,"E:\\git\\Pessoal\\formatadores\\src\\sessionStorage.js": {"path":"E:\\git\\Pessoal\\formatadores\\src\\sessionStorage.js","all":false,"statementMap":{"0":{"start":{"line":1,"column":0},"end":{"line":1,"column":33}},"1":{"start":{"line":2,"column":0},"end":{"line":2,"column":36}},"2":{"start":{"line":3,"column":0},"end":{"line":3,"column":24}},"3":{"start":{"line":4,"column":0},"end":{"line":4,"column":2}},"4":{"start":{"line":5,"column":0},"end":{"line":5,"column":0}},"5":{"start":{"line":6,"column":0},"end":{"line":6,"column":58}},"6":{"start":{"line":7,"column":0},"end":{"line":7,"column":0}},"7":{"start":{"line":8,"column":0},"end":{"line":8,"column":37}},"8":{"start":{"line":9,"column":0},"end":{"line":9,"column":38}},"9":{"start":{"line":10,"column":0},"end":{"line":10,"column":38}},"10":{"start":{"line":11,"column":0},"end":{"line":11,"column":2}},"11":{"start":{"line":12,"column":0},"end":{"line":12,"column":0}},"12":{"start":{"line":13,"column":0},"end":{"line":13,"column":33}},"13":{"start":{"line":14,"column":0},"end":{"line":14,"column":34}},"14":{"start":{"line":15,"column":0},"end":{"line":15,"column":24}},"15":{"start":{"line":16,"column":0},"end":{"line":16,"column":2}},"16":{"start":{"line":17,"column":0},"end":{"line":17,"column":0}},"17":{"start":{"line":18,"column":0},"end":{"line":18,"column":32}},"18":{"start":{"line":19,"column":0},"end":{"line":19,"column":13}},"19":{"start":{"line":20,"column":0},"end":{"line":20,"column":24}},"20":{"start":{"line":21,"column":0},"end":{"line":21,"column":3}},"21":{"start":{"line":22,"column":0},"end":{"line":22,"column":25}},"22":{"start":{"line":23,"column":0},"end":{"line":23,"column":0}},"23":{"start":{"line":24,"column":0},"end":{"line":24,"column":24}},"24":{"start":{"line":25,"column":0},"end":{"line":25,"column":2}}},"s":{"0":1,"1":1,"2":1,"3":1,"4":1,"5":1,"6":1,"7":1,"8":0,"9":0,"10":0,"11":1,"12":1,"13":0,"14":0,"15":0,"16":1,"17":1,"18":1,"19":0,"20":0,"21":1,"22":1,"23":1,"24":1},"branchMap":{"0":{"type":"branch","line":1,"loc":{"start":{"line":1,"column":23},"end":{"line":4,"column":2}},"locations":[{"start":{"line":1,"column":23},"end":{"line":4,"column":2}}]},"1":{"type":"branch","line":6,"loc":{"start":{"line":6,"column":20},"end":{"line":6,"column":43}},"locations":[{"start":{"line":6,"column":20},"end":{"line":6,"column":43}}]},"2":{"type":"branch","line":18,"loc":{"start":{"line":18,"column":22},"end":{"line":25,"column":2}},"locations":[{"start":{"line":18,"column":22},"end":{"line":25,"column":2}}]},"3":{"type":"branch","line":19,"loc":{"start":{"line":19,"column":12},"end":{"line":21,"column":3}},"locations":[{"start":{"line":19,"column":12},"end":{"line":21,"column":3}}]}},"b":{"0":[1],"1":[1],"2":[1],"3":[0]},"fnMap":{"0":{"name":"create","decl":{"start":{"line":1,"column":23},"end":{"line":4,"column":2}},"loc":{"start":{"line":1,"column":23},"end":{"line":4,"column":2}},"line":1},"1":{"name":"get","decl":{"start":{"line":6,"column":20},"end":{"line":6,"column":43}},"loc":{"start":{"line":6,"column":20},"end":{"line":6,"column":43}},"line":6},"2":{"name":"set","decl":{"start":{"line":8,"column":19},"end":{"line":11,"column":2}},"loc":{"start":{"line":8,"column":19},"end":{"line":11,"column":2}},"line":8},"3":{"name":"remove","decl":{"start":{"line":13,"column":23},"end":{"line":16,"column":2}},"loc":{"start":{"line":13,"column":23},"end":{"line":16,"column":2}},"line":13},"4":{"name":"clear","decl":{"start":{"line":18,"column":22},"end":{"line":25,"column":2}},"loc":{"start":{"line":18,"column":22},"end":{"line":25,"column":2}},"line":18}},"f":{"0":1,"1":1,"2":0,"3":0,"4":1}}
,"E:\\git\\Pessoal\\formatadores\\src\\url.js": {"path":"E:\\git\\Pessoal\\formatadores\\src\\url.js","all":false,"statementMap":{"0":{"start":{"line":1,"column":0},"end":{"line":1,"column":48}},"1":{"start":{"line":2,"column":0},"end":{"line":2,"column":27}},"2":{"start":{"line":3,"column":0},"end":{"line":3,"column":14}},"3":{"start":{"line":4,"column":0},"end":{"line":4,"column":40}},"4":{"start":{"line":5,"column":0},"end":{"line":5,"column":30}},"5":{"start":{"line":6,"column":0},"end":{"line":6,"column":73}},"6":{"start":{"line":7,"column":0},"end":{"line":7,"column":41}},"7":{"start":{"line":8,"column":0},"end":{"line":8,"column":35}},"8":{"start":{"line":9,"column":0},"end":{"line":9,"column":7}},"9":{"start":{"line":10,"column":0},"end":{"line":10,"column":3}},"10":{"start":{"line":11,"column":0},"end":{"line":11,"column":23}},"11":{"start":{"line":12,"column":0},"end":{"line":12,"column":2}}},"s":{"0":1,"1":2,"2":2,"3":1,"4":1,"5":2,"6":2,"7":2,"8":2,"9":1,"10":2,"11":2},"branchMap":{"0":{"type":"branch","line":1,"loc":{"start":{"line":1,"column":37},"end":{"line":12,"column":2}},"locations":[{"start":{"line":1,"column":37},"end":{"line":12,"column":2}}]},"1":{"type":"branch","line":3,"loc":{"start":{"line":3,"column":13},"end":{"line":10,"column":3}},"locations":[{"start":{"line":3,"column":13},"end":{"line":10,"column":3}}]},"2":{"type":"branch","line":5,"loc":{"start":{"line":5,"column":19},"end":{"line":9,"column":7}},"locations":[{"start":{"line":5,"column":19},"end":{"line":9,"column":7}}]},"3":{"type":"branch","line":6,"loc":{"start":{"line":6,"column":18},"end":{"line":6,"column":29}},"locations":[{"start":{"line":6,"column":18},"end":{"line":6,"column":29}}]},"4":{"type":"branch","line":6,"loc":{"start":{"line":6,"column":18},"end":{"line":6,"column":61}},"locations":[{"start":{"line":6,"column":18},"end":{"line":6,"column":61}}]}},"b":{"0":[2],"1":[1],"2":[2],"3":[1],"4":[1]},"fnMap":{"0":{"name":"separarParametrosUrl","decl":{"start":{"line":1,"column":37},"end":{"line":12,"column":2}},"loc":{"start":{"line":1,"column":37},"end":{"line":12,"column":2}},"line":1}},"f":{"0":2}}
,"E:\\git\\Pessoal\\formatadores\\src\\utils.js": {"path":"E:\\git\\Pessoal\\formatadores\\src\\utils.js","all":false,"statementMap":{"0":{"start":{"line":1,"column":0},"end":{"line":1,"column":148}},"1":{"start":{"line":2,"column":0},"end":{"line":2,"column":0}},"2":{"start":{"line":3,"column":0},"end":{"line":3,"column":78}},"3":{"start":{"line":4,"column":0},"end":{"line":4,"column":0}},"4":{"start":{"line":5,"column":0},"end":{"line":5,"column":55}},"5":{"start":{"line":6,"column":0},"end":{"line":6,"column":38}},"6":{"start":{"line":7,"column":0},"end":{"line":7,"column":10}},"7":{"start":{"line":8,"column":0},"end":{"line":8,"column":67}},"8":{"start":{"line":9,"column":0},"end":{"line":9,"column":4}},"9":{"start":{"line":10,"column":0},"end":{"line":10,"column":2}}},"s":{"0":1,"1":1,"2":1,"3":1,"4":1,"5":1,"6":1,"7":1,"8":1,"9":1},"branchMap":{"0":{"type":"branch","line":1,"loc":{"start":{"line":1,"column":32},"end":{"line":1,"column":148}},"locations":[{"start":{"line":1,"column":32},"end":{"line":1,"column":148}}]},"1":{"type":"branch","line":3,"loc":{"start":{"line":3,"column":38},"end":{"line":3,"column":78}},"locations":[{"start":{"line":3,"column":38},"end":{"line":3,"column":78}}]},"2":{"type":"branch","line":5,"loc":{"start":{"line":5,"column":44},"end":{"line":10,"column":2}},"locations":[{"start":{"line":5,"column":44},"end":{"line":10,"column":2}}]}},"b":{"0":[2],"1":[4],"2":[1]},"fnMap":{"0":{"name":"gerarIdAleatorio","decl":{"start":{"line":1,"column":32},"end":{"line":1,"column":148}},"loc":{"start":{"line":1,"column":32},"end":{"line":1,"column":148}},"line":1},"1":{"name":"regraDeTresPorcentagem","decl":{"start":{"line":3,"column":38},"end":{"line":3,"column":78}},"loc":{"start":{"line":3,"column":38},"end":{"line":3,"column":78}},"line":3},"2":{"name":"obterElementoAleatorioArray","decl":{"start":{"line":5,"column":44},"end":{"line":10,"column":2}},"loc":{"start":{"line":5,"column":44},"end":{"line":10,"column":2}},"line":5}},"f":{"0":2,"1":4,"2":1}}
}
