TN:
SF:src\formatadores.js
FN:3,substituirCaracteresEspeciais
FN:20,formatarTelefone
FN:53,formatarDinheiro
FN:80,calcularIdadeAtual
FNF:4
FNH:4
FNDA:2,substituirCaracteresEspeciais
FNDA:7,formatarTelefone
FNDA:3,formatarDinheiro
FNDA:6,calcularIdadeAtual
DA:1,1
DA:2,1
DA:3,1
DA:4,2
DA:5,2
DA:6,2
DA:7,2
DA:8,12
DA:9,12
DA:10,12
DA:11,12
DA:12,12
DA:13,12
DA:14,12
DA:15,12
DA:16,2
DA:17,2
DA:18,2
DA:19,1
DA:20,1
DA:21,7
DA:22,7
DA:23,7
DA:24,7
DA:25,6
DA:26,6
DA:27,5
DA:28,6
DA:29,6
DA:30,6
DA:31,2
DA:32,2
DA:33,2
DA:34,6
DA:35,1
DA:36,1
DA:37,1
DA:38,3
DA:39,1
DA:40,1
DA:41,1
DA:42,1
DA:43,1
DA:44,1
DA:45,1
DA:46,1
DA:47,1
DA:48,1
DA:49,6
DA:50,6
DA:51,6
DA:52,1
DA:53,1
DA:54,3
DA:55,2
DA:56,2
DA:57,2
DA:58,2
DA:59,2
DA:60,2
DA:61,1
DA:62,1
DA:63,1
DA:64,1
DA:65,1
DA:66,1
DA:67,1
DA:68,1
DA:69,1
DA:70,1
DA:71,1
DA:72,1
DA:73,1
DA:74,1
DA:75,1
DA:76,1
DA:77,1
DA:78,1
DA:79,1
DA:80,1
DA:81,6
DA:82,5
DA:83,5
DA:84,5
DA:85,5
DA:86,5
DA:87,4
DA:88,4
DA:89,4
DA:90,1
DA:91,1
DA:92,1
DA:93,1
LF:93
LH:93
BRDA:3,0,0,2
BRDA:7,1,0,12
BRDA:10,2,0,36
BRDA:20,3,0,7
BRDA:24,4,0,6
BRDA:26,5,0,5
BRDA:28,6,0,1
BRDA:28,7,0,5
BRDA:29,8,0,1
BRDA:29,9,0,5
BRDA:30,10,0,2
BRDA:34,11,0,3
BRDA:34,12,0,1
BRDA:38,13,0,2
BRDA:38,14,0,1
BRDA:53,15,0,3
BRDA:54,16,0,2
BRDA:54,17,0,1
BRDA:54,18,0,2
BRDA:80,19,0,6
BRDA:81,20,0,5
BRDA:86,21,0,4
BRDA:90,22,0,1
BRDA:92,23,0,1
BRF:24
BRH:24
end_of_record
TN:
SF:src\index.js
FNF:0
FNH:0
DA:1,1
DA:2,1
DA:3,1
DA:4,1
DA:5,1
DA:6,1
DA:7,1
DA:8,1
DA:9,1
DA:10,1
DA:11,1
DA:12,1
DA:13,1
DA:14,1
DA:15,1
DA:16,1
DA:17,1
DA:18,1
LF:18
LH:18
BRF:0
BRH:0
end_of_record
TN:
SF:src\sessionStorage.js
FN:1,create
FN:6,get
FN:12,set
FN:17,remove
FN:22,clear
FNF:5
FNH:4
FNDA:1,create
FNDA:1,get
FNDA:1,set
FNDA:0,remove
FNDA:1,clear
DA:1,1
DA:2,1
DA:3,1
DA:4,1
DA:5,1
DA:6,1
DA:7,1
DA:8,1
DA:9,1
DA:10,1
DA:11,1
DA:12,1
DA:13,1
DA:14,1
DA:15,1
DA:16,1
DA:17,1
DA:18,0
DA:19,0
DA:20,0
DA:21,1
DA:22,1
DA:23,1
DA:24,0
DA:25,0
DA:26,1
DA:27,1
DA:28,1
DA:29,1
LF:29
LH:24
BRDA:1,0,0,1
BRDA:6,1,0,1
BRDA:12,2,0,1
BRDA:22,3,0,1
BRDA:23,4,0,0
BRF:5
BRH:4
end_of_record
TN:
SF:src\url.js
FN:1,separarParametrosUrl
FNF:1
FNH:1
FNDA:2,separarParametrosUrl
DA:1,1
DA:2,2
DA:3,2
DA:4,1
DA:5,1
DA:6,2
DA:7,2
DA:8,2
DA:9,2
DA:10,1
DA:11,2
DA:12,2
LF:12
LH:12
BRDA:1,0,0,2
BRDA:3,1,0,1
BRDA:5,2,0,2
BRDA:6,3,0,1
BRDA:6,4,0,1
BRF:5
BRH:5
end_of_record
TN:
SF:src\utils.js
FN:1,gerarIdAleatorio
FN:3,regraDeTresPorcentagem
FN:5,obterElementoAleatorioArray
FNF:3
FNH:3
FNDA:2,gerarIdAleatorio
FNDA:4,regraDeTresPorcentagem
FNDA:1,obterElementoAleatorioArray
DA:1,1
DA:2,1
DA:3,1
DA:4,1
DA:5,1
DA:6,1
DA:7,1
DA:8,1
DA:9,1
DA:10,1
LF:10
LH:10
BRDA:1,0,0,2
BRDA:3,1,0,4
BRDA:5,2,0,1
BRF:3
BRH:3
end_of_record
