TN:
SF:src\formatadores.js
FN:4,substituirCaracteresEspeciais
FN:21,formatarTelefone
FN:53,formatarDinheiro
FN:80,calcularIdadeAtual
FNF:4
FNH:4
FNDA:2,substituirCaracteresEspeciais
FNDA:5,formatarTelefone
FNDA:2,formatarDinheiro
FNDA:6,calcularIdadeAtual
DA:1,1
DA:2,1
DA:3,1
DA:4,1
DA:5,2
DA:6,2
DA:7,2
DA:8,2
DA:9,12
DA:10,12
DA:11,12
DA:12,12
DA:13,12
DA:14,12
DA:15,12
DA:16,12
DA:17,2
DA:18,2
DA:19,2
DA:20,1
DA:21,1
DA:22,5
DA:23,5
DA:24,5
DA:25,4
DA:26,4
DA:27,4
DA:28,4
DA:29,4
DA:30,4
DA:31,1
DA:32,1
DA:33,1
DA:34,4
DA:35,1
DA:36,1
DA:37,1
DA:38,3
DA:39,1
DA:40,1
DA:41,1
DA:42,1
DA:43,1
DA:44,1
DA:45,1
DA:46,1
DA:47,1
DA:48,1
DA:49,4
DA:50,5
DA:51,5
DA:52,1
DA:53,1
DA:54,2
DA:55,2
DA:56,2
DA:57,2
DA:58,2
DA:59,2
DA:60,2
DA:61,1
DA:62,1
DA:63,1
DA:64,1
DA:65,1
DA:66,1
DA:67,1
DA:68,1
DA:69,1
DA:70,1
DA:71,1
DA:72,1
DA:73,1
DA:74,1
DA:75,1
DA:76,1
DA:77,1
DA:78,1
DA:79,1
DA:80,1
DA:81,6
DA:82,5
DA:83,5
DA:84,5
DA:85,5
DA:86,5
DA:87,4
DA:88,4
DA:89,4
DA:90,1
DA:91,1
DA:92,1
DA:93,1
LF:93
LH:93
BRDA:4,0,0,2
BRDA:8,1,0,12
BRDA:11,2,0,36
BRDA:21,3,0,5
BRDA:24,4,0,4
BRDA:28,5,0,0
BRDA:29,6,0,0
BRDA:30,7,0,1
BRDA:34,8,0,3
BRDA:34,9,0,1
BRDA:38,10,0,2
BRDA:38,11,0,1
BRDA:53,12,0,2
BRDA:54,13,0,0
BRDA:80,14,0,6
BRDA:81,15,0,5
BRDA:86,16,0,4
BRDA:90,17,0,1
BRDA:92,18,0,1
BRF:19
BRH:16
end_of_record
TN:
SF:src\index.js
FNF:0
FNH:0
DA:1,1
DA:2,1
DA:3,1
DA:4,1
DA:5,1
DA:6,1
DA:7,1
DA:8,1
DA:9,1
DA:10,1
DA:11,1
DA:12,1
DA:13,1
DA:14,1
DA:15,1
DA:16,1
DA:17,1
DA:18,1
LF:18
LH:18
BRF:0
BRH:0
end_of_record
TN:
SF:src\sessionStorage.js
FN:1,create
FN:6,get
FN:11,set
FN:16,remove
FN:21,clear
FNF:5
FNH:2
FNDA:1,create
FNDA:0,get
FNDA:0,set
FNDA:0,remove
FNDA:1,clear
DA:1,1
DA:2,1
DA:3,1
DA:4,1
DA:5,1
DA:6,1
DA:7,0
DA:8,0
DA:9,0
DA:10,1
DA:11,1
DA:12,0
DA:13,0
DA:14,0
DA:15,1
DA:16,1
DA:17,0
DA:18,0
DA:19,0
DA:20,1
DA:21,1
DA:22,1
DA:23,0
DA:24,0
DA:25,1
DA:26,1
DA:27,1
DA:28,1
LF:28
LH:17
BRDA:1,0,0,1
BRDA:21,1,0,1
BRDA:22,2,0,0
BRF:3
BRH:2
end_of_record
TN:
SF:src\url.js
FN:1,separarParametrosUrl
FNF:1
FNH:1
FNDA:2,separarParametrosUrl
DA:1,1
DA:2,2
DA:3,2
DA:4,1
DA:5,1
DA:6,2
DA:7,2
DA:8,2
DA:9,2
DA:10,1
DA:11,2
DA:12,2
LF:12
LH:12
BRDA:1,0,0,2
BRDA:3,1,0,1
BRDA:5,2,0,2
BRDA:6,3,0,1
BRDA:6,4,0,1
BRF:5
BRH:5
end_of_record
TN:
SF:src\utils.js
FN:1,gerarIdAleatorio
FN:3,regraDeTresPorcentagem
FN:5,obterElementoAleatorioArray
FNF:3
FNH:3
FNDA:2,gerarIdAleatorio
FNDA:4,regraDeTresPorcentagem
FNDA:1,obterElementoAleatorioArray
DA:1,1
DA:2,1
DA:3,1
DA:4,1
DA:5,1
DA:6,1
DA:7,1
DA:8,1
DA:9,1
DA:10,1
LF:10
LH:10
BRDA:1,0,0,2
BRDA:3,1,0,4
BRDA:5,2,0,1
BRF:3
BRH:3
end_of_record
